<?xml version="1.0" encoding="UTF-8"?>
<testsuite name="com.ridango.game.service.HighScoreServiceTest" tests="4" skipped="0" failures="0" errors="0" timestamp="2024-09-15T11:14:06" hostname="DESKTOP-1CO87U2" time="0.146">
  <properties/>
  <testcase name="testGetHighScoreById_Found()" classname="com.ridango.game.service.HighScoreServiceTest" time="0.124"/>
  <testcase name="testHandleSaveNewHighScore_ScoreDoesNotExist()" classname="com.ridango.game.service.HighScoreServiceTest" time="0.006"/>
  <testcase name="testHandleSaveNewHighScore_ScoreExistsAndUpdate()" classname="com.ridango.game.service.HighScoreServiceTest" time="0.006"/>
  <testcase name="testGetHighScoreById_NotFound()" classname="com.ridango.game.service.HighScoreServiceTest" time="0.006"/>
  <system-out><![CDATA[]]></system-out>
  <system-err><![CDATA[]]></system-err>
</testsuite>
