<?xml version="1.0" encoding="UTF-8"?>
<testsuite name="com.ridango.game.engine.HintHandlerTest" tests="11" skipped="0" failures="0" errors="0" timestamp="2024-09-15T11:14:06" hostname="DESKTOP-1CO87U2" time="0.025">
  <properties/>
  <testcase name="testGetStringBuilderHint_SingleSpace()" classname="com.ridango.game.engine.HintHandlerTest" time="0.006"/>
  <testcase name="testIsHintNeeded_LessThanOrEqualToTwoTurns()" classname="com.ridango.game.engine.HintHandlerTest" time="0.002"/>
  <testcase name="testGetStringBuilderHint_Basic()" classname="com.ridango.game.engine.HintHandlerTest" time="0.0"/>
  <testcase name="testExpandHintByOneLetter_OneUnderscore()" classname="com.ridango.game.engine.HintHandlerTest" time="0.001"/>
  <testcase name="testGetStringBuilderHint_SingleCharacter()" classname="com.ridango.game.engine.HintHandlerTest" time="0.001"/>
  <testcase name="testValidateAmountOfExtraHints()" classname="com.ridango.game.engine.HintHandlerTest" time="0.001"/>
  <testcase name="testExpandHintByOneLetter_NoUnderscore()" classname="com.ridango.game.engine.HintHandlerTest" time="0.001"/>
  <testcase name="testGetStringBuilderHint_EmptyString()" classname="com.ridango.game.engine.HintHandlerTest" time="0.001"/>
  <testcase name="testGetStringBuilderHint_WithSpaces()" classname="com.ridango.game.engine.HintHandlerTest" time="0.0"/>
  <testcase name="testIsHintNeeded_MoreThanTwoTurns()" classname="com.ridango.game.engine.HintHandlerTest" time="0.001"/>
  <testcase name="testExpandHintByOneLetter_ValidHint()" classname="com.ridango.game.engine.HintHandlerTest" time="0.001"/>
  <system-out><![CDATA[]]></system-out>
  <system-err><![CDATA[]]></system-err>
</testsuite>
