<?xml version="1.0" encoding="UTF-8"?>
<testsuite name="com.ridango.game.ui.InputValidatorTest" tests="10" skipped="0" failures="0" errors="0" timestamp="2024-09-15T11:14:06" hostname="DESKTOP-1CO87U2" time="0.02">
  <properties/>
  <testcase name="testIsAgeResponseNotValidInteger_EmptyString()" classname="com.ridango.game.ui.InputValidatorTest" time="0.002"/>
  <testcase name="testIsAgeResponseNotValidInteger_ValidInteger()" classname="com.ridango.game.ui.InputValidatorTest" time="0.001"/>
  <testcase name="testIsValidDrinkingAge_Above18AndBelow125()" classname="com.ridango.game.ui.InputValidatorTest" time="0.001"/>
  <testcase name="testIsAgeResponseNotValidInteger_InvalidInteger_MixedCharacters()" classname="com.ridango.game.ui.InputValidatorTest" time="0.001"/>
  <testcase name="testIsAgeResponseNotValidInteger_BlankString()" classname="com.ridango.game.ui.InputValidatorTest" time="0.001"/>
  <testcase name="testIsValidDrinkingAge_Exactly18()" classname="com.ridango.game.ui.InputValidatorTest" time="0.002"/>
  <testcase name="testIsValidDrinkingAge_Exactly125()" classname="com.ridango.game.ui.InputValidatorTest" time="0.001"/>
  <testcase name="testIsValidDrinkingAge_Above125()" classname="com.ridango.game.ui.InputValidatorTest" time="0.001"/>
  <testcase name="testIsValidDrinkingAge_Under18()" classname="com.ridango.game.ui.InputValidatorTest" time="0.001"/>
  <testcase name="testIsAgeResponseNotValidInteger_InvalidInteger_NonNumeric()" classname="com.ridango.game.ui.InputValidatorTest" time="0.001"/>
  <system-out><![CDATA[]]></system-out>
  <system-err><![CDATA[]]></system-err>
</testsuite>
