<?xml version="1.0" encoding="UTF-8"?>
<testsuite name="com.ridango.game.engine.SessionTest" tests="4" skipped="0" failures="0" errors="0" timestamp="2024-09-15T11:14:06" hostname="DESKTOP-1CO87U2" time="0.007">
  <properties/>
  <testcase name="testAddDrinkId()" classname="com.ridango.game.engine.SessionTest" time="0.0"/>
  <testcase name="testAddScore()" classname="com.ridango.game.engine.SessionTest" time="0.001"/>
  <testcase name="testIsDrinkUnique()" classname="com.ridango.game.engine.SessionTest" time="0.002"/>
  <testcase name="testConstructor()" classname="com.ridango.game.engine.SessionTest" time="0.001"/>
  <system-out><![CDATA[]]></system-out>
  <system-err><![CDATA[]]></system-err>
</testsuite>
